# JRE version: Java(TM) SE Runtime Environment (8.0_291-b10) (build 1.8.0_291-b10)
# Java VM: Java HotSpot(TM) 64-Bit Server VM (25.291-b10 mixed mode windows-amd64 compressed oops)
Heap:
 PSYoungGen      total 158720K, used 57313K [0x00000000f5b00000, 0x0000000100000000, 0x0000000100000000)
  eden space 148480K, 31% used [0x00000000f5b00000,0x00000000f88fef80,0x00000000fec00000)
  from space 10240K, 99% used [0x00000000fec00000,0x00000000ff5f9500,0x00000000ff600000)
  to   space 10240K, 0% used [0x00000000ff600000,0x00000000ff600000,0x0000000100000000)
 ParOldGen       total 33280K, used 20651K [0x00000000e1000000, 0x00000000e3080000, 0x00000000f5b00000)
  object space 33280K, 62% used [0x00000000e1000000,0x00000000e242af18,0x00000000e3080000)
 Metaspace       used 52630K, capacity 55330K, committed 55424K, reserved 1097728K
  class space    used 7266K, capacity 7764K, committed 7808K, reserved 1048576K
GC Heap History (10 events):
Event: 48.092 GC heap before
{Heap before GC invocations=11 (full 1):
 PSYoungGen      total 113664K, used 1954K [0x00000000f5b00000, 0x00000000fd100000, 0x0000000100000000)
  eden space 107520K, 0% used [0x00000000f5b00000,0x00000000f5b00000,0x00000000fc400000)
  from space 6144K, 31% used [0x00000000fcb00000,0x00000000fcce8958,0x00000000fd100000)
  to   space 6656K, 0% used [0x00000000fc400000,0x00000000fc400000,0x00000000fca80000)
 ParOldGen       total 22016K, used 8709K [0x00000000e1000000, 0x00000000e2580000, 0x00000000f5b00000)
  object space 22016K, 39% used [0x00000000e1000000,0x00000000e1881780,0x00000000e2580000)
 Metaspace       used 20209K, capacity 21134K, committed 21296K, reserved 1067008K
  class space    used 2633K, capacity 2834K, committed 2944K, reserved 1048576K
Event: 48.189 GC heap after
Heap after GC invocations=11 (full 1):
 PSYoungGen      total 113664K, used 0K [0x00000000f5b00000, 0x00000000fd100000, 0x0000000100000000)
  eden space 107520K, 0% used [0x00000000f5b00000,0x00000000f5b00000,0x00000000fc400000)
  from space 6144K, 0% used [0x00000000fcb00000,0x00000000fcb00000,0x00000000fd100000)
  to   space 6656K, 0% used [0x00000000fc400000,0x00000000fc400000,0x00000000fca80000)
 ParOldGen       total 18432K, used 6219K [0x00000000e1000000, 0x00000000e2200000, 0x00000000f5b00000)
  object space 18432K, 33% used [0x00000000e1000000,0x00000000e1612de0,0x00000000e2200000)
 Metaspace       used 20209K, capacity 21134K, committed 21296K, reserved 1067008K
  class space    used 2633K, capacity 2834K, committed 2944K, reserved 1048576K
}
Event: 75.671 GC heap before
{Heap before GC invocations=12 (full 1):
 PSYoungGen      total 113664K, used 107520K [0x00000000f5b00000, 0x00000000fd100000, 0x0000000100000000)
  eden space 107520K, 100% used [0x00000000f5b00000,0x00000000fc400000,0x00000000fc400000)
  from space 6144K, 0% used [0x00000000fcb00000,0x00000000fcb00000,0x00000000fd100000)
  to   space 6656K, 0% used [0x00000000fc400000,0x00000000fc400000,0x00000000fca80000)
 ParOldGen       total 18432K, used 6219K [0x00000000e1000000, 0x00000000e2200000, 0x00000000f5b00000)
  object space 18432K, 33% used [0x00000000e1000000,0x00000000e1612de0,0x00000000e2200000)
 Metaspace       used 27531K, capacity 28974K, committed 29056K, reserved 1075200K
  class space    used 3613K, capacity 3935K, committed 3968K, reserved 1048576K
Event: 75.714 GC heap after
Heap after GC invocations=12 (full 1):
 PSYoungGen      total 114176K, used 6646K [0x00000000f5b00000, 0x0000000100000000, 0x0000000100000000)
  eden space 107520K, 0% used [0x00000000f5b00000,0x00000000f5b00000,0x00000000fc400000)
  from space 6656K, 99% used [0x00000000fc400000,0x00000000fca7da58,0x00000000fca80000)
  to   space 9728K, 0% used [0x00000000ff680000,0x00000000ff680000,0x0000000100000000)
 ParOldGen       total 18432K, used 11107K [0x00000000e1000000, 0x00000000e2200000, 0x00000000f5b00000)
  object space 18432K, 60% used [0x00000000e1000000,0x00000000e1ad8fc0,0x00000000e2200000)
 Metaspace       used 27531K, capacity 28974K, committed 29056K, reserved 1075200K
  class space    used 3613K, capacity 3935K, committed 3968K, reserved 1048576K
}
Event: 108.950 GC heap before
{Heap before GC invocations=13 (full 1):
 PSYoungGen      total 114176K, used 103278K [0x00000000f5b00000, 0x0000000100000000, 0x0000000100000000)
  eden space 107520K, 89% used [0x00000000f5b00000,0x00000000fb95dfb0,0x00000000fc400000)
  from space 6656K, 99% used [0x00000000fc400000,0x00000000fca7da58,0x00000000fca80000)
  to   space 9728K, 0% used [0x00000000ff680000,0x00000000ff680000,0x0000000100000000)
 ParOldGen       total 18432K, used 11107K [0x00000000e1000000, 0x00000000e2200000, 0x00000000f5b00000)
  object space 18432K, 60% used [0x00000000e1000000,0x00000000e1ad8fc0,0x00000000e2200000)
 Metaspace       used 33400K, capacity 35440K, committed 35496K, reserved 1079296K
  class space    used 4430K, capacity 4832K, committed 4864K, reserved 1048576K
Event: 109.375 GC heap after
Heap after GC invocations=13 (full 1):
 PSYoungGen      total 158208K, used 7213K [0x00000000f5b00000, 0x0000000100000000, 0x0000000100000000)
  eden space 148480K, 0% used [0x00000000f5b00000,0x00000000f5b00000,0x00000000fec00000)
  from space 9728K, 74% used [0x00000000ff680000,0x00000000ffd8b720,0x0000000100000000)
  to   space 10240K, 0% used [0x00000000fec00000,0x00000000fec00000,0x00000000ff600000)
 ParOldGen       total 18432K, used 14572K [0x00000000e1000000, 0x00000000e2200000, 0x00000000f5b00000)
  object space 18432K, 79% used [0x00000000e1000000,0x00000000e1e3b010,0x00000000e2200000)
 Metaspace       used 33400K, capacity 35440K, committed 35496K, reserved 1079296K
  class space    used 4430K, capacity 4832K, committed 4864K, reserved 1048576K
}
Event: 109.375 GC heap before
{Heap before GC invocations=14 (full 2):
 PSYoungGen      total 158208K, used 7213K [0x00000000f5b00000, 0x0000000100000000, 0x0000000100000000)
  eden space 148480K, 0% used [0x00000000f5b00000,0x00000000f5b00000,0x00000000fec00000)
  from space 9728K, 74% used [0x00000000ff680000,0x00000000ffd8b720,0x0000000100000000)
  to   space 10240K, 0% used [0x00000000fec00000,0x00000000fec00000,0x00000000ff600000)
 ParOldGen       total 18432K, used 14572K [0x00000000e1000000, 0x00000000e2200000, 0x00000000f5b00000)
  object space 18432K, 79% used [0x00000000e1000000,0x00000000e1e3b010,0x00000000e2200000)
 Metaspace       used 33400K, capacity 35440K, committed 35496K, reserved 1079296K
  class space    used 4430K, capacity 4832K, committed 4864K, reserved 1048576K
Event: 112.551 GC heap after
Heap after GC invocations=14 (full 2):
 PSYoungGen      total 158208K, used 0K [0x00000000f5b00000, 0x0000000100000000, 0x0000000100000000)
  eden space 148480K, 0% used [0x00000000f5b00000,0x00000000f5b00000,0x00000000fec00000)
  from space 9728K, 0% used [0x00000000ff680000,0x00000000ff680000,0x0000000100000000)
  to   space 10240K, 0% used [0x00000000fec00000,0x00000000fec00000,0x00000000ff600000)
 ParOldGen       total 33280K, used 15333K [0x00000000e1000000, 0x00000000e3080000, 0x00000000f5b00000)
  object space 33280K, 46% used [0x00000000e1000000,0x00000000e1ef94e8,0x00000000e3080000)
 Metaspace       used 33400K, capacity 35440K, committed 35496K, reserved 1079296K
  class space    used 4430K, capacity 4832K, committed 4864K, reserved 1048576K
}
Event: 298.159 GC heap before
{Heap before GC invocations=15 (full 2):
 PSYoungGen      total 158208K, used 148480K [0x00000000f5b00000, 0x0000000100000000, 0x0000000100000000)
  eden space 148480K, 100% used [0x00000000f5b00000,0x00000000fec00000,0x00000000fec00000)
  from space 9728K, 0% used [0x00000000ff680000,0x00000000ff680000,0x0000000100000000)
  to   space 10240K, 0% used [0x00000000fec00000,0x00000000fec00000,0x00000000ff600000)
 ParOldGen       total 33280K, used 15333K [0x00000000e1000000, 0x00000000e3080000, 0x00000000f5b00000)
  object space 33280K, 46% used [0x00000000e1000000,0x00000000e1ef94e8,0x00000000e3080000)
 Metaspace       used 46902K, capacity 49466K, committed 49664K, reserved 1091584K
  class space    used 6363K, capacity 6834K, committed 6912K, reserved 1048576K
Event: 310.091 GC heap after
Heap after GC invocations=15 (full 2):
 PSYoungGen      total 158720K, used 10213K [0x00000000f5b00000, 0x0000000100000000, 0x0000000100000000)
  eden space 148480K, 0% used [0x00000000f5b00000,0x00000000f5b00000,0x00000000fec00000)
  from space 10240K, 99% used [0x00000000fec00000,0x00000000ff5f9500,0x00000000ff600000)
  to   space 10240K, 0% used [0x00000000ff600000,0x00000000ff600000,0x0000000100000000)
 ParOldGen       total 33280K, used 20651K [0x00000000e1000000, 0x00000000e3080000, 0x00000000f5b00000)
  object space 33280K, 62% used [0x00000000e1000000,0x00000000e242af18,0x00000000e3080000)
 Metaspace       used 46902K, capacity 49466K, committed 49664K, reserved 1091584K
  class space    used 6363K, capacity 6834K, committed 6912K, reserved 1048576K
}

