# JRE version: Java(TM) SE Runtime Environment (8.0_291-b10) (build 1.8.0_291-b10)
# Java VM: Java HotSpot(TM) 64-Bit Server VM (25.291-b10 mixed mode windows-amd64 compressed oops)
Heap:
 PSYoungGen      total 153600K, used 15099K [0x00000000f5b00000, 0x0000000100000000, 0x0000000100000000)
  eden space 138240K, 10% used [0x00000000f5b00000,0x00000000f69becd8,0x00000000fe200000)
  from space 15360K, 0% used [0x00000000ff100000,0x00000000ff100000,0x0000000100000000)
  to   space 15360K, 0% used [0x00000000fe200000,0x00000000fe200000,0x00000000ff100000)
 ParOldGen       total 47104K, used 15199K [0x00000000e1000000, 0x00000000e3e00000, 0x00000000f5b00000)
  object space 47104K, 32% used [0x00000000e1000000,0x00000000e1ed7f30,0x00000000e3e00000)
 Metaspace       used 58890K, capacity 62576K, committed 62760K, reserved 1103872K
  class space    used 8049K, capacity 8685K, committed 8744K, reserved 1048576K
GC Heap History (10 events):
Event: 705.088 GC heap before
{Heap before GC invocations=19 (full 3):
 PSYoungGen      total 141824K, used 113087K [0x00000000f5b00000, 0x0000000100000000, 0x0000000100000000)
  eden space 132096K, 83% used [0x00000000f5b00000,0x00000000fc6a4e98,0x00000000fdc00000)
  from space 9728K, 29% used [0x00000000fdc00000,0x00000000fdecaf60,0x00000000fe580000)
  to   space 14848K, 0% used [0x00000000ff180000,0x00000000ff180000,0x0000000100000000)
 ParOldGen       total 47104K, used 26729K [0x00000000e1000000, 0x00000000e3e00000, 0x00000000f5b00000)
  object space 47104K, 56% used [0x00000000e1000000,0x00000000e2a1a7d0,0x00000000e3e00000)
 Metaspace       used 58211K, capacity 61792K, committed 61992K, reserved 1101824K
  class space    used 8051K, capacity 8676K, committed 8744K, reserved 1048576K
Event: 705.201 GC heap after
Heap after GC invocations=19 (full 3):
 PSYoungGen      total 152064K, used 9299K [0x00000000f5b00000, 0x0000000100000000, 0x0000000100000000)
  eden space 137216K, 0% used [0x00000000f5b00000,0x00000000f5b00000,0x00000000fe100000)
  from space 14848K, 62% used [0x00000000ff180000,0x00000000ffa94fc0,0x0000000100000000)
  to   space 15872K, 0% used [0x00000000fe100000,0x00000000fe100000,0x00000000ff080000)
 ParOldGen       total 47104K, used 29747K [0x00000000e1000000, 0x00000000e3e00000, 0x00000000f5b00000)
  object space 47104K, 63% used [0x00000000e1000000,0x00000000e2d0cc28,0x00000000e3e00000)
 Metaspace       used 58211K, capacity 61792K, committed 61992K, reserved 1101824K
  class space    used 8051K, capacity 8676K, committed 8744K, reserved 1048576K
}
Event: 705.201 GC heap before
{Heap before GC invocations=20 (full 4):
 PSYoungGen      total 152064K, used 9299K [0x00000000f5b00000, 0x0000000100000000, 0x0000000100000000)
  eden space 137216K, 0% used [0x00000000f5b00000,0x00000000f5b00000,0x00000000fe100000)
  from space 14848K, 62% used [0x00000000ff180000,0x00000000ffa94fc0,0x0000000100000000)
  to   space 15872K, 0% used [0x00000000fe100000,0x00000000fe100000,0x00000000ff080000)
 ParOldGen       total 47104K, used 29747K [0x00000000e1000000, 0x00000000e3e00000, 0x00000000f5b00000)
  object space 47104K, 63% used [0x00000000e1000000,0x00000000e2d0cc28,0x00000000e3e00000)
 Metaspace       used 58211K, capacity 61792K, committed 61992K, reserved 1101824K
  class space    used 8051K, capacity 8676K, committed 8744K, reserved 1048576K
Event: 705.564 GC heap after
Heap after GC invocations=20 (full 4):
 PSYoungGen      total 152064K, used 0K [0x00000000f5b00000, 0x0000000100000000, 0x0000000100000000)
  eden space 137216K, 0% used [0x00000000f5b00000,0x00000000f5b00000,0x00000000fe100000)
  from space 14848K, 0% used [0x00000000ff180000,0x00000000ff180000,0x0000000100000000)
  to   space 15872K, 0% used [0x00000000fe100000,0x00000000fe100000,0x00000000ff080000)
 ParOldGen       total 47104K, used 19921K [0x00000000e1000000, 0x00000000e3e00000, 0x00000000f5b00000)
  object space 47104K, 42% used [0x00000000e1000000,0x00000000e23747b0,0x00000000e3e00000)
 Metaspace       used 58083K, capacity 61586K, committed 61992K, reserved 1101824K
  class space    used 8028K, capacity 8633K, committed 8744K, reserved 1048576K
}
Event: 715.574 GC heap before
{Heap before GC invocations=21 (full 4):
 PSYoungGen      total 152064K, used 137216K [0x00000000f5b00000, 0x0000000100000000, 0x0000000100000000)
  eden space 137216K, 100% used [0x00000000f5b00000,0x00000000fe100000,0x00000000fe100000)
  from space 14848K, 0% used [0x00000000ff180000,0x00000000ff180000,0x0000000100000000)
  to   space 15872K, 0% used [0x00000000fe100000,0x00000000fe100000,0x00000000ff080000)
 ParOldGen       total 47104K, used 19921K [0x00000000e1000000, 0x00000000e3e00000, 0x00000000f5b00000)
  object space 47104K, 42% used [0x00000000e1000000,0x00000000e23747b0,0x00000000e3e00000)
 Metaspace       used 58881K, capacity 62636K, committed 62760K, reserved 1103872K
  class space    used 8054K, capacity 8694K, committed 8744K, reserved 1048576K
Event: 715.657 GC heap after
Heap after GC invocations=21 (full 4):
 PSYoungGen      total 153088K, used 7672K [0x00000000f5b00000, 0x0000000100000000, 0x0000000100000000)
  eden space 137216K, 0% used [0x00000000f5b00000,0x00000000f5b00000,0x00000000fe100000)
  from space 15872K, 48% used [0x00000000fe100000,0x00000000fe87e3e0,0x00000000ff080000)
  to   space 15360K, 0% used [0x00000000ff100000,0x00000000ff100000,0x0000000100000000)
 ParOldGen       total 47104K, used 19921K [0x00000000e1000000, 0x00000000e3e00000, 0x00000000f5b00000)
  object space 47104K, 42% used [0x00000000e1000000,0x00000000e23747b0,0x00000000e3e00000)
 Metaspace       used 58881K, capacity 62636K, committed 62760K, reserved 1103872K
  class space    used 8054K, capacity 8694K, committed 8744K, reserved 1048576K
}
Event: 1781.317 GC heap before
{Heap before GC invocations=22 (full 4):
 PSYoungGen      total 153088K, used 44493K [0x00000000f5b00000, 0x0000000100000000, 0x0000000100000000)
  eden space 137216K, 26% used [0x00000000f5b00000,0x00000000f7ef51f8,0x00000000fe100000)
  from space 15872K, 48% used [0x00000000fe100000,0x00000000fe87e3e0,0x00000000ff080000)
  to   space 15360K, 0% used [0x00000000ff100000,0x00000000ff100000,0x0000000100000000)
 ParOldGen       total 47104K, used 19921K [0x00000000e1000000, 0x00000000e3e00000, 0x00000000f5b00000)
  object space 47104K, 42% used [0x00000000e1000000,0x00000000e23747b0,0x00000000e3e00000)
 Metaspace       used 58901K, capacity 62642K, committed 62760K, reserved 1103872K
  class space    used 8054K, capacity 8696K, committed 8744K, reserved 1048576K
Event: 1805.069 GC heap after
Heap after GC invocations=22 (full 4):
 PSYoungGen      total 153600K, used 160K [0x00000000f5b00000, 0x0000000100000000, 0x0000000100000000)
  eden space 138240K, 0% used [0x00000000f5b00000,0x00000000f5b00000,0x00000000fe200000)
  from space 15360K, 1% used [0x00000000ff100000,0x00000000ff128000,0x0000000100000000)
  to   space 15360K, 0% used [0x00000000fe200000,0x00000000fe200000,0x00000000ff100000)
 ParOldGen       total 47104K, used 25545K [0x00000000e1000000, 0x00000000e3e00000, 0x00000000f5b00000)
  object space 47104K, 54% used [0x00000000e1000000,0x00000000e28f24f0,0x00000000e3e00000)
 Metaspace       used 58901K, capacity 62642K, committed 62760K, reserved 1103872K
  class space    used 8054K, capacity 8696K, committed 8744K, reserved 1048576K
}
Event: 1805.069 GC heap before
{Heap before GC invocations=23 (full 5):
 PSYoungGen      total 153600K, used 160K [0x00000000f5b00000, 0x0000000100000000, 0x0000000100000000)
  eden space 138240K, 0% used [0x00000000f5b00000,0x00000000f5b00000,0x00000000fe200000)
  from space 15360K, 1% used [0x00000000ff100000,0x00000000ff128000,0x0000000100000000)
  to   space 15360K, 0% used [0x00000000fe200000,0x00000000fe200000,0x00000000ff100000)
 ParOldGen       total 47104K, used 25545K [0x00000000e1000000, 0x00000000e3e00000, 0x00000000f5b00000)
  object space 47104K, 54% used [0x00000000e1000000,0x00000000e28f24f0,0x00000000e3e00000)
 Metaspace       used 58901K, capacity 62642K, committed 62760K, reserved 1103872K
  class space    used 8054K, capacity 8696K, committed 8744K, reserved 1048576K
Event: 1885.467 GC heap after
Heap after GC invocations=23 (full 5):
 PSYoungGen      total 153600K, used 0K [0x00000000f5b00000, 0x0000000100000000, 0x0000000100000000)
  eden space 138240K, 0% used [0x00000000f5b00000,0x00000000f5b00000,0x00000000fe200000)
  from space 15360K, 0% used [0x00000000ff100000,0x00000000ff100000,0x0000000100000000)
  to   space 15360K, 0% used [0x00000000fe200000,0x00000000fe200000,0x00000000ff100000)
 ParOldGen       total 47104K, used 15199K [0x00000000e1000000, 0x00000000e3e00000, 0x00000000f5b00000)
  object space 47104K, 32% used [0x00000000e1000000,0x00000000e1ed7f30,0x00000000e3e00000)
 Metaspace       used 58849K, capacity 62558K, committed 62760K, reserved 1103872K
  class space    used 8047K, capacity 8681K, committed 8744K, reserved 1048576K
}

